<?xml version="1.0" encoding="UTF-8"?>
<!-- Generated by org.testng.reporters.JUnitReportReporter -->
<testsuite hostname="DESKTOP-RA9KB26" failures="0" tests="1" name="POM_Runner.POM_FB_Login2_Runner" time="2.653" errors="0" timestamp="2024-09-28T12:54:55 IST" skipped="0">
  <testcase classname="POM_Runner.POM_FB_Login2_Runner" name="Login_click" time="2.653"/>
  <system-out/>
</testsuite> <!-- POM_Runner.POM_FB_Login2_Runner -->
