<?xml version="1.0" encoding="UTF-8"?>
<!-- Generated by org.testng.reporters.JUnitReportReporter -->
<testsuite hostname="DESKTOP-RA9KB26" failures="0" tests="2" name="Framework.Para_method_testng" time="0.014" errors="0" timestamp="2024-09-23T12:56:03 IST" skipped="0">
  <testcase classname="Framework.Para_method_testng" name="Test2" time="0.013"/>
  <system-out/>
  <testcase classname="Framework.Para_method_testng" name="Test1" time="0.001"/>
  <system-out/>
</testsuite> <!-- Framework.Para_method_testng -->
