<?xml version="1.0" encoding="UTF-8"?>
<!-- Generated by org.testng.reporters.JUnitReportReporter -->
<testsuite hostname="DESKTOP-RA9KB26" failures="0" tests="1" name="Framework.Before_After_Annotations" time="4.629" errors="0" timestamp="2024-09-23T12:58:12 IST" skipped="0">
  <testcase classname="Framework.Before_After_Annotations" name="Run" time="4.629"/>
  <system-out/>
</testsuite> <!-- Framework.Before_After_Annotations -->
