<?xml version="1.0" encoding="UTF-8"?>
<!-- Generated by org.testng.reporters.JUnitReportReporter -->
<testsuite hostname="DESKTOP-RA9KB26" failures="0" tests="1" name="POM_Runner.POM_FB_Login_Runner" time="8.514" errors="0" timestamp="2024-09-28T12:41:43 IST" skipped="0">
  <testcase classname="POM_Runner.POM_FB_Login_Runner" name="login" time="8.514"/>
  <system-out/>
</testsuite> <!-- POM_Runner.POM_FB_Login_Runner -->
