<?xml version="1.0" encoding="UTF-8"?>
<!-- Generated by org.testng.reporters.JUnitReportReporter -->
<testsuite hostname="DESKTOP-RA9KB26" failures="0" tests="2" name="Framework.Para2_method_testng" time="37.004" errors="0" timestamp="2024-09-21T12:45:18 IST" skipped="0">
  <testcase classname="Framework.Para2_method_testng" name="Login_Flip" time="16.471"/>
  <system-out/>
  <testcase classname="Framework.Para2_method_testng" name="Samsungs24" time="20.533"/>
  <system-out/>
</testsuite> <!-- Framework.Para2_method_testng -->
