<?xml version="1.0" encoding="UTF-8"?>
<!-- Generated by org.testng.reporters.JUnitReportReporter -->
<testsuite hostname="DESKTOP-RA9KB26" failures="0" tests="2" name="Framework.Sample_testng" time="8.323" errors="0" timestamp="2024-09-17T11:26:06 IST" skipped="0">
  <testcase classname="Framework.Sample_testng" name="login" time="5.446"/>
  <system-out/>
  <testcase classname="Framework.Sample_testng" name="login_Test" time="2.877"/>
  <system-out/>
</testsuite> <!-- Framework.Sample_testng -->
