<?xml version="1.0" encoding="UTF-8"?>
<!-- Generated by org.testng.reporters.JUnitReportReporter -->
<testsuite hostname="DESKTOP-RA9KB26" failures="0" tests="1" name="Dummy_Framework.dum_anotat" time="7.943" errors="0" timestamp="2024-09-25T12:50:56 IST" skipped="0">
  <testcase classname="Dummy_Framework.dum_anotat" name="GC_GT3times" time="7.943"/>
  <system-out/>
</testsuite> <!-- Dummy_Framework.dum_anotat -->
