<?xml version="1.0" encoding="UTF-8"?>
<!-- Generated by org.testng.reporters.JUnitReportReporter -->
<testsuite hostname="DESKTOP-RA9KB26" failures="0" tests="1" name="Framework.Flip_Actions" time="5.066" errors="0" timestamp="2024-09-24T13:02:32 IST" skipped="0">
  <testcase classname="Framework.Flip_Actions" name="takeAction" time="5.066"/>
  <system-out/>
</testsuite> <!-- Framework.Flip_Actions -->
