<?xml version="1.0" encoding="UTF-8"?>
<!-- Generated by org.testng.reporters.JUnitReportReporter -->
<testsuite hostname="DESKTOP-RA9KB26" failures="0" tests="2" name="Framework.Sample_Tng1" time="0.013" errors="0" timestamp="2024-09-14T11:18:45 IST" skipped="0">
  <testcase classname="Framework.Sample_Tng1" name="Test2" time="0.001"/>
  <system-out>
    <![CDATA[hello India]]>
  </system-out>
  <testcase classname="Framework.Sample_Tng1" name="Test1" time="0.012"/>
  <system-out>
    <![CDATA[Hello world]]>
  </system-out>
</testsuite> <!-- Framework.Sample_Tng1 -->
