<?xml version="1.0" encoding="UTF-8"?>
<!-- Generated by org.testng.reporters.JUnitReportReporter -->
<testsuite hostname="DESKTOP-RA9KB26" failures="0" tests="4" name="Framework.Para1_method_testng" time="0.004" errors="0" timestamp="2024-09-23T12:56:03 IST" skipped="0">
  <testcase classname="Framework.Para1_method_testng" name="test15" time="0.001"/>
  <system-out/>
  <testcase classname="Framework.Para1_method_testng" name="test12" time="0.000"/>
  <system-out/>
  <testcase classname="Framework.Para1_method_testng" name="test12" time="0.002"/>
  <system-out/>
  <testcase classname="Framework.Para1_method_testng" name="test12" time="0.001"/>
  <system-out/>
</testsuite> <!-- Framework.Para1_method_testng -->
